<?xml version="1.0" encoding="UTF-8"?>
<Site BuildName="(empty)"
	BuildStamp="20240625-1142-Experimental"
	Name="wulibo-virtual-machine"
	Generator="ctest-3.16.3"
	CompilerName="/usr/bin/c++"
	CompilerVersion="9.4.0"
	OSName="Linux"
	Hostname="wulibo-virtual-machine"
	OSRelease="5.15.0-107-generic"
	OSVersion="#117~20.04.1-Ubuntu SMP Tue Apr 30 10:35:57 UTC 2024"
	OSPlatform="x86_64"
	Is64Bits="1"
	VendorString="GenuineIntel"
	VendorID="Intel Corporation"
	FamilyID="6"
	ModelID="186"
	ProcessorCacheSize="18432"
	NumberOfLogicalCPU="4"
	NumberOfPhysicalCPU="4"
	TotalVirtualMemory="1825"
	TotalPhysicalMemory="3876"
	LogicalProcessorsPerPhysical="1"
	ProcessorClockFrequency="3187.2"
	>
	<Testing>
		<StartDateTime>Jun 25 19:42 CST</StartDateTime>
		<StartTestTime>1719315742</StartTestTime>
		<TestList/>
		<EndDateTime>Jun 25 19:42 CST</EndDateTime>
		<EndTestTime>1719315742</EndTestTime>
		<ElapsedMinutes>0</ElapsedMinutes>
	</Testing>
</Site>
